
*** Running vivado
    with args -log lab_5_top_uart_0_0.vds -m64 -product Vivado -mode batch -messageDb vivado.pb -notrace -source lab_5_top_uart_0_0.tcl


****** Vivado v2018.2 (64-bit)
  **** SW Build 2258646 on Thu Jun 14 20:02:38 MDT 2018
  **** IP Build 2256618 on Thu Jun 14 22:10:49 MDT 2018
    ** Copyright 1986-2018 Xilinx, Inc. All Rights Reserved.

source lab_5_top_uart_0_0.tcl -notrace
Command: synth_design -top lab_5_top_uart_0_0 -part xc7z010clg400-1 -mode out_of_context
Starting synth_design
Attempting to get a license for feature 'Synthesis' and/or device 'xc7z010'
INFO: [Common 17-349] Got license for feature 'Synthesis' and/or device 'xc7z010'
INFO: Launching helper process for spawning children vivado processes
INFO: Helper process launched with PID 13678 
---------------------------------------------------------------------------------
Starting RTL Elaboration : Time (s): cpu = 00:00:02 ; elapsed = 00:00:02 . Memory (MB): peak = 1288.898 ; gain = 88.891 ; free physical = 9306 ; free virtual = 27036
---------------------------------------------------------------------------------
INFO: [Synth 8-638] synthesizing module 'lab_5_top_uart_0_0' [/home/user/Lab-5/Lab-5.srcs/sources_1/bd/lab_5_top/ip/lab_5_top_uart_0_0/synth/lab_5_top_uart_0_0.vhd:71]
INFO: [Synth 8-3491] module 'uart' declared at '/home/user/Lab-5/Lab-5.srcs/sources_1/new/uart.vhd:10' bound to instance 'U0' of component 'uart' [/home/user/Lab-5/Lab-5.srcs/sources_1/bd/lab_5_top/ip/lab_5_top_uart_0_0/synth/lab_5_top_uart_0_0.vhd:103]
INFO: [Synth 8-638] synthesizing module 'uart' [/home/user/Lab-5/Lab-5.srcs/sources_1/new/uart.vhd:21]
INFO: [Synth 8-3491] module 'uart_rx' declared at '/home/user/Lab-5/Lab-5.srcs/sources_1/new/uart_rx.vhd:12' bound to instance 'r_x' of component 'uart_rx' [/home/user/Lab-5/Lab-5.srcs/sources_1/new/uart.vhd:40]
INFO: [Synth 8-638] synthesizing module 'uart_rx' [/home/user/Lab-5/Lab-5.srcs/sources_1/new/uart_rx.vhd:20]
INFO: [Synth 8-256] done synthesizing module 'uart_rx' (1#1) [/home/user/Lab-5/Lab-5.srcs/sources_1/new/uart_rx.vhd:20]
INFO: [Synth 8-3491] module 'uart_tx' declared at '/home/user/Lab-5/Lab-5.srcs/sources_1/new/uart_tx.vhd:6' bound to instance 't_x' of component 'uart_tx' [/home/user/Lab-5/Lab-5.srcs/sources_1/new/uart.vhd:48]
INFO: [Synth 8-638] synthesizing module 'uart_tx' [/home/user/Lab-5/Lab-5.srcs/sources_1/new/uart_tx.vhd:14]
INFO: [Synth 8-256] done synthesizing module 'uart_tx' (2#1) [/home/user/Lab-5/Lab-5.srcs/sources_1/new/uart_tx.vhd:14]
INFO: [Synth 8-256] done synthesizing module 'uart' (3#1) [/home/user/Lab-5/Lab-5.srcs/sources_1/new/uart.vhd:21]
INFO: [Synth 8-256] done synthesizing module 'lab_5_top_uart_0_0' (4#1) [/home/user/Lab-5/Lab-5.srcs/sources_1/bd/lab_5_top/ip/lab_5_top_uart_0_0/synth/lab_5_top_uart_0_0.vhd:71]
---------------------------------------------------------------------------------
Finished RTL Elaboration : Time (s): cpu = 00:00:02 ; elapsed = 00:00:03 . Memory (MB): peak = 1332.523 ; gain = 132.516 ; free physical = 9237 ; free virtual = 26968
---------------------------------------------------------------------------------

Report Check Netlist: 
+------+------------------+-------+---------+-------+------------------+
|      |Item              |Errors |Warnings |Status |Description       |
+------+------------------+-------+---------+-------+------------------+
|1     |multi_driven_nets |      0|        0|Passed |Multi driven nets |
+------+------------------+-------+---------+-------+------------------+
---------------------------------------------------------------------------------
Start Handling Custom Attributes
---------------------------------------------------------------------------------
---------------------------------------------------------------------------------
Finished Handling Custom Attributes : Time (s): cpu = 00:00:03 ; elapsed = 00:00:04 . Memory (MB): peak = 1332.523 ; gain = 132.516 ; free physical = 9259 ; free virtual = 26990
---------------------------------------------------------------------------------
---------------------------------------------------------------------------------
Finished RTL Optimization Phase 1 : Time (s): cpu = 00:00:03 ; elapsed = 00:00:04 . Memory (MB): peak = 1332.523 ; gain = 132.516 ; free physical = 9259 ; free virtual = 26990
---------------------------------------------------------------------------------
INFO: [Device 21-403] Loading part xc7z010clg400-1
INFO: [Project 1-570] Preparing netlist for logic optimization

Processing XDC Constraints
Initializing timing engine
Completed Processing XDC Constraints

INFO: [Project 1-111] Unisim Transformation Summary:
No Unisim elements were transformed.

WARNING: [Constraints 18-5210] No constraint will be written out.
Constraint Validation Runtime : Time (s): cpu = 00:00:00.06 ; elapsed = 00:00:00.14 . Memory (MB): peak = 1670.176 ; gain = 2.000 ; free physical = 8537 ; free virtual = 26268
---------------------------------------------------------------------------------
Finished Constraint Validation : Time (s): cpu = 00:00:12 ; elapsed = 00:00:33 . Memory (MB): peak = 1670.176 ; gain = 470.168 ; free physical = 8625 ; free virtual = 26356
---------------------------------------------------------------------------------
---------------------------------------------------------------------------------
Start Loading Part and Timing Information
---------------------------------------------------------------------------------
Loading part: xc7z010clg400-1
---------------------------------------------------------------------------------
Finished Loading Part and Timing Information : Time (s): cpu = 00:00:12 ; elapsed = 00:00:33 . Memory (MB): peak = 1670.176 ; gain = 470.168 ; free physical = 8626 ; free virtual = 26357
---------------------------------------------------------------------------------
---------------------------------------------------------------------------------
Start Applying 'set_property' XDC Constraints
---------------------------------------------------------------------------------
---------------------------------------------------------------------------------
Finished applying 'set_property' XDC Constraints : Time (s): cpu = 00:00:12 ; elapsed = 00:00:33 . Memory (MB): peak = 1670.176 ; gain = 470.168 ; free physical = 8627 ; free virtual = 26358
---------------------------------------------------------------------------------
INFO: [Synth 8-802] inferred FSM for state register 'curr_reg' in module 'uart_rx'
INFO: [Synth 8-5544] ROM "curr" won't be mapped to Block RAM because address size (2) smaller than threshold (5)
INFO: [Synth 8-802] inferred FSM for state register 'curr_reg' in module 'uart_tx'
---------------------------------------------------------------------------------------------------
                   State |                     New Encoding |                Previous Encoding 
---------------------------------------------------------------------------------------------------
                    idle |                              001 |                               00
                   start |                              010 |                               01
                    data |                              100 |                               10
---------------------------------------------------------------------------------------------------
INFO: [Synth 8-3354] encoded FSM with state register 'curr_reg' using encoding 'one-hot' in module 'uart_rx'
---------------------------------------------------------------------------------------------------
                   State |                     New Encoding |                Previous Encoding 
---------------------------------------------------------------------------------------------------
                    idle |                              001 |                               00
                   start |                              010 |                               01
                    data |                              100 |                               10
---------------------------------------------------------------------------------------------------
INFO: [Synth 8-3354] encoded FSM with state register 'curr_reg' using encoding 'one-hot' in module 'uart_tx'
---------------------------------------------------------------------------------
Finished RTL Optimization Phase 2 : Time (s): cpu = 00:00:12 ; elapsed = 00:00:34 . Memory (MB): peak = 1670.176 ; gain = 470.168 ; free physical = 8611 ; free virtual = 26342
---------------------------------------------------------------------------------

Report RTL Partitions: 
+-+--------------+------------+----------+
| |RTL Partition |Replication |Instances |
+-+--------------+------------+----------+
+-+--------------+------------+----------+
---------------------------------------------------------------------------------
Start RTL Component Statistics 
---------------------------------------------------------------------------------
Detailed RTL Component Info : 
+---Adders : 
	   2 Input      3 Bit       Adders := 2     
+---Registers : 
	                8 Bit    Registers := 3     
	                4 Bit    Registers := 1     
	                3 Bit    Registers := 2     
	                1 Bit    Registers := 3     
+---Muxes : 
	   3 Input      3 Bit        Muxes := 2     
	   3 Input      1 Bit        Muxes := 8     
	   2 Input      1 Bit        Muxes := 1     
---------------------------------------------------------------------------------
Finished RTL Component Statistics 
---------------------------------------------------------------------------------
---------------------------------------------------------------------------------
Start RTL Hierarchical Component Statistics 
---------------------------------------------------------------------------------
Hierarchical RTL Component report 
Module uart_rx 
Detailed RTL Component Info : 
+---Adders : 
	   2 Input      3 Bit       Adders := 1     
+---Registers : 
	                8 Bit    Registers := 2     
	                4 Bit    Registers := 1     
	                3 Bit    Registers := 1     
	                1 Bit    Registers := 1     
+---Muxes : 
	   3 Input      3 Bit        Muxes := 1     
	   3 Input      1 Bit        Muxes := 4     
Module uart_tx 
Detailed RTL Component Info : 
+---Adders : 
	   2 Input      3 Bit       Adders := 1     
+---Registers : 
	                8 Bit    Registers := 1     
	                3 Bit    Registers := 1     
	                1 Bit    Registers := 2     
+---Muxes : 
	   3 Input      3 Bit        Muxes := 1     
	   2 Input      1 Bit        Muxes := 1     
	   3 Input      1 Bit        Muxes := 4     
---------------------------------------------------------------------------------
Finished RTL Hierarchical Component Statistics
---------------------------------------------------------------------------------
---------------------------------------------------------------------------------
Start Part Resource Summary
---------------------------------------------------------------------------------
Part Resources:
DSPs: 80 (col length:40)
BRAMs: 120 (col length: RAMB18 40 RAMB36 20)
---------------------------------------------------------------------------------
Finished Part Resource Summary
---------------------------------------------------------------------------------
---------------------------------------------------------------------------------
Start Cross Boundary and Area Optimization
---------------------------------------------------------------------------------
Warning: Parallel synthesis criteria is not met 
---------------------------------------------------------------------------------
Finished Cross Boundary and Area Optimization : Time (s): cpu = 00:00:12 ; elapsed = 00:00:34 . Memory (MB): peak = 1670.176 ; gain = 470.168 ; free physical = 8603 ; free virtual = 26334
---------------------------------------------------------------------------------

Report RTL Partitions: 
+-+--------------+------------+----------+
| |RTL Partition |Replication |Instances |
+-+--------------+------------+----------+
+-+--------------+------------+----------+
---------------------------------------------------------------------------------
Start Applying XDC Timing Constraints
---------------------------------------------------------------------------------
---------------------------------------------------------------------------------
Finished Applying XDC Timing Constraints : Time (s): cpu = 00:00:19 ; elapsed = 00:00:45 . Memory (MB): peak = 1670.176 ; gain = 470.168 ; free physical = 8265 ; free virtual = 25996
---------------------------------------------------------------------------------
---------------------------------------------------------------------------------
Start Timing Optimization
---------------------------------------------------------------------------------
---------------------------------------------------------------------------------
Finished Timing Optimization : Time (s): cpu = 00:00:19 ; elapsed = 00:00:45 . Memory (MB): peak = 1670.176 ; gain = 470.168 ; free physical = 8265 ; free virtual = 25995
---------------------------------------------------------------------------------

Report RTL Partitions: 
+-+--------------+------------+----------+
| |RTL Partition |Replication |Instances |
+-+--------------+------------+----------+
+-+--------------+------------+----------+
---------------------------------------------------------------------------------
Start Technology Mapping
---------------------------------------------------------------------------------
---------------------------------------------------------------------------------
Finished Technology Mapping : Time (s): cpu = 00:00:19 ; elapsed = 00:00:45 . Memory (MB): peak = 1670.176 ; gain = 470.168 ; free physical = 8262 ; free virtual = 25993
---------------------------------------------------------------------------------

Report RTL Partitions: 
+-+--------------+------------+----------+
| |RTL Partition |Replication |Instances |
+-+--------------+------------+----------+
+-+--------------+------------+----------+
---------------------------------------------------------------------------------
Start IO Insertion
---------------------------------------------------------------------------------
---------------------------------------------------------------------------------
Start Flattening Before IO Insertion
---------------------------------------------------------------------------------
---------------------------------------------------------------------------------
Finished Flattening Before IO Insertion
---------------------------------------------------------------------------------
---------------------------------------------------------------------------------
Start Final Netlist Cleanup
---------------------------------------------------------------------------------
---------------------------------------------------------------------------------
Finished Final Netlist Cleanup
---------------------------------------------------------------------------------
---------------------------------------------------------------------------------
Finished IO Insertion : Time (s): cpu = 00:00:19 ; elapsed = 00:00:45 . Memory (MB): peak = 1670.176 ; gain = 470.168 ; free physical = 8312 ; free virtual = 26042
---------------------------------------------------------------------------------

Report Check Netlist: 
+------+------------------+-------+---------+-------+------------------+
|      |Item              |Errors |Warnings |Status |Description       |
+------+------------------+-------+---------+-------+------------------+
|1     |multi_driven_nets |      0|        0|Passed |Multi driven nets |
+------+------------------+-------+---------+-------+------------------+
---------------------------------------------------------------------------------
Start Renaming Generated Instances
---------------------------------------------------------------------------------
---------------------------------------------------------------------------------
Finished Renaming Generated Instances : Time (s): cpu = 00:00:19 ; elapsed = 00:00:45 . Memory (MB): peak = 1670.176 ; gain = 470.168 ; free physical = 8314 ; free virtual = 26045
---------------------------------------------------------------------------------

Report RTL Partitions: 
+-+--------------+------------+----------+
| |RTL Partition |Replication |Instances |
+-+--------------+------------+----------+
+-+--------------+------------+----------+
---------------------------------------------------------------------------------
Start Rebuilding User Hierarchy
---------------------------------------------------------------------------------
---------------------------------------------------------------------------------
Finished Rebuilding User Hierarchy : Time (s): cpu = 00:00:19 ; elapsed = 00:00:45 . Memory (MB): peak = 1670.176 ; gain = 470.168 ; free physical = 8316 ; free virtual = 26047
---------------------------------------------------------------------------------
---------------------------------------------------------------------------------
Start Renaming Generated Ports
---------------------------------------------------------------------------------
---------------------------------------------------------------------------------
Finished Renaming Generated Ports : Time (s): cpu = 00:00:19 ; elapsed = 00:00:45 . Memory (MB): peak = 1670.176 ; gain = 470.168 ; free physical = 8319 ; free virtual = 26050
---------------------------------------------------------------------------------
---------------------------------------------------------------------------------
Start Handling Custom Attributes
---------------------------------------------------------------------------------
---------------------------------------------------------------------------------
Finished Handling Custom Attributes : Time (s): cpu = 00:00:19 ; elapsed = 00:00:45 . Memory (MB): peak = 1670.176 ; gain = 470.168 ; free physical = 8323 ; free virtual = 26053
---------------------------------------------------------------------------------
---------------------------------------------------------------------------------
Start Renaming Generated Nets
---------------------------------------------------------------------------------
---------------------------------------------------------------------------------
Finished Renaming Generated Nets : Time (s): cpu = 00:00:19 ; elapsed = 00:00:45 . Memory (MB): peak = 1670.176 ; gain = 470.168 ; free physical = 8324 ; free virtual = 26055
---------------------------------------------------------------------------------
---------------------------------------------------------------------------------
Start Writing Synthesis Report
---------------------------------------------------------------------------------

Report BlackBoxes: 
+-+--------------+----------+
| |BlackBox name |Instances |
+-+--------------+----------+
+-+--------------+----------+

Report Cell Usage: 
+------+-----+------+
|      |Cell |Count |
+------+-----+------+
|1     |LUT2 |     1|
|2     |LUT3 |    10|
|3     |LUT4 |     5|
|4     |LUT5 |     2|
|5     |LUT6 |     9|
|6     |FDRE |    39|
|7     |FDSE |     4|
+------+-----+------+

Report Instance Areas: 
+------+---------+--------+------+
|      |Instance |Module  |Cells |
+------+---------+--------+------+
|1     |top      |        |    70|
|2     |  U0     |uart    |    70|
|3     |    r_x  |uart_rx |    39|
|4     |    t_x  |uart_tx |    31|
+------+---------+--------+------+
---------------------------------------------------------------------------------
Finished Writing Synthesis Report : Time (s): cpu = 00:00:19 ; elapsed = 00:00:45 . Memory (MB): peak = 1670.176 ; gain = 470.168 ; free physical = 8327 ; free virtual = 26058
---------------------------------------------------------------------------------
Synthesis finished with 0 errors, 0 critical warnings and 0 warnings.
Synthesis Optimization Runtime : Time (s): cpu = 00:00:12 ; elapsed = 00:00:18 . Memory (MB): peak = 1670.176 ; gain = 132.516 ; free physical = 8807 ; free virtual = 26538
Synthesis Optimization Complete : Time (s): cpu = 00:00:19 ; elapsed = 00:00:45 . Memory (MB): peak = 1670.176 ; gain = 470.168 ; free physical = 8807 ; free virtual = 26538
INFO: [Project 1-571] Translating synthesized netlist
INFO: [Project 1-570] Preparing netlist for logic optimization
INFO: [Opt 31-138] Pushed 0 inverter(s) to 0 load pin(s).
INFO: [Project 1-111] Unisim Transformation Summary:
No Unisim elements were transformed.

INFO: [Common 17-83] Releasing license: Synthesis
25 Infos, 1 Warnings, 0 Critical Warnings and 0 Errors encountered.
synth_design completed successfully
synth_design: Time (s): cpu = 00:00:21 ; elapsed = 00:00:47 . Memory (MB): peak = 1670.176 ; gain = 482.730 ; free physical = 8602 ; free virtual = 26333
WARNING: [Constraints 18-5210] No constraint will be written out.
INFO: [Common 17-1381] The checkpoint '/home/user/Lab-5/Lab-5.runs/lab_5_top_uart_0_0_synth_1/lab_5_top_uart_0_0.dcp' has been generated.
INFO: [Coretcl 2-1174] Renamed 3 cell refs.
WARNING: [Constraints 18-5210] No constraint will be written out.
INFO: [Common 17-1381] The checkpoint '/home/user/Lab-5/Lab-5.runs/lab_5_top_uart_0_0_synth_1/lab_5_top_uart_0_0.dcp' has been generated.
INFO: [runtcl-4] Executing : report_utilization -file lab_5_top_uart_0_0_utilization_synth.rpt -pb lab_5_top_uart_0_0_utilization_synth.pb
report_utilization: Time (s): cpu = 00:00:00.05 ; elapsed = 00:00:00.09 . Memory (MB): peak = 1670.176 ; gain = 0.000 ; free physical = 8756 ; free virtual = 26487
INFO: [Common 17-206] Exiting Vivado at Thu Apr 25 21:40:59 2019...
