
*** Running vivado
    with args -log lab_5_top_debounce_0_0.vds -m64 -product Vivado -mode batch -messageDb vivado.pb -notrace -source lab_5_top_debounce_0_0.tcl


****** Vivado v2018.2 (64-bit)
  **** SW Build 2258646 on Thu Jun 14 20:02:38 MDT 2018
  **** IP Build 2256618 on Thu Jun 14 22:10:49 MDT 2018
    ** Copyright 1986-2018 Xilinx, Inc. All Rights Reserved.

source lab_5_top_debounce_0_0.tcl -notrace
Command: synth_design -top lab_5_top_debounce_0_0 -part xc7z010clg400-1 -mode out_of_context
Starting synth_design
Attempting to get a license for feature 'Synthesis' and/or device 'xc7z010'
INFO: [Common 17-349] Got license for feature 'Synthesis' and/or device 'xc7z010'
INFO: Launching helper process for spawning children vivado processes
INFO: Helper process launched with PID 12678 
---------------------------------------------------------------------------------
Starting RTL Elaboration : Time (s): cpu = 00:00:02 ; elapsed = 00:00:04 . Memory (MB): peak = 1288.902 ; gain = 87.891 ; free physical = 8589 ; free virtual = 26287
---------------------------------------------------------------------------------
INFO: [Synth 8-638] synthesizing module 'lab_5_top_debounce_0_0' [/home/user/Lab-5/Lab-5.srcs/sources_1/bd/lab_5_top/ip/lab_5_top_debounce_0_0/synth/lab_5_top_debounce_0_0.vhd:64]
INFO: [Synth 8-3491] module 'debounce' declared at '/home/user/Lab-5/Lab-5.srcs/sources_1/new/debounce.vhd:15' bound to instance 'U0' of component 'debounce' [/home/user/Lab-5/Lab-5.srcs/sources_1/bd/lab_5_top/ip/lab_5_top_debounce_0_0/synth/lab_5_top_debounce_0_0.vhd:87]
INFO: [Synth 8-638] synthesizing module 'debounce' [/home/user/Lab-5/Lab-5.srcs/sources_1/new/debounce.vhd:21]
INFO: [Synth 8-256] done synthesizing module 'debounce' (1#1) [/home/user/Lab-5/Lab-5.srcs/sources_1/new/debounce.vhd:21]
INFO: [Synth 8-256] done synthesizing module 'lab_5_top_debounce_0_0' (2#1) [/home/user/Lab-5/Lab-5.srcs/sources_1/bd/lab_5_top/ip/lab_5_top_debounce_0_0/synth/lab_5_top_debounce_0_0.vhd:64]
---------------------------------------------------------------------------------
Finished RTL Elaboration : Time (s): cpu = 00:00:03 ; elapsed = 00:00:05 . Memory (MB): peak = 1333.527 ; gain = 132.516 ; free physical = 8463 ; free virtual = 26162
---------------------------------------------------------------------------------

Report Check Netlist: 
+------+------------------+-------+---------+-------+------------------+
|      |Item              |Errors |Warnings |Status |Description       |
+------+------------------+-------+---------+-------+------------------+
|1     |multi_driven_nets |      0|        0|Passed |Multi driven nets |
+------+------------------+-------+---------+-------+------------------+
---------------------------------------------------------------------------------
Start Handling Custom Attributes
---------------------------------------------------------------------------------
---------------------------------------------------------------------------------
Finished Handling Custom Attributes : Time (s): cpu = 00:00:03 ; elapsed = 00:00:05 . Memory (MB): peak = 1333.527 ; gain = 132.516 ; free physical = 8527 ; free virtual = 26225
---------------------------------------------------------------------------------
---------------------------------------------------------------------------------
Finished RTL Optimization Phase 1 : Time (s): cpu = 00:00:03 ; elapsed = 00:00:05 . Memory (MB): peak = 1333.527 ; gain = 132.516 ; free physical = 8527 ; free virtual = 26225
---------------------------------------------------------------------------------
INFO: [Device 21-403] Loading part xc7z010clg400-1
INFO: [Project 1-570] Preparing netlist for logic optimization

Processing XDC Constraints
Initializing timing engine
Completed Processing XDC Constraints

INFO: [Project 1-111] Unisim Transformation Summary:
No Unisim elements were transformed.

WARNING: [Constraints 18-5210] No constraint will be written out.
Constraint Validation Runtime : Time (s): cpu = 00:00:00.06 ; elapsed = 00:00:00.15 . Memory (MB): peak = 1645.148 ; gain = 1.000 ; free physical = 7056 ; free virtual = 24770
---------------------------------------------------------------------------------
Finished Constraint Validation : Time (s): cpu = 00:00:14 ; elapsed = 00:00:42 . Memory (MB): peak = 1645.148 ; gain = 444.137 ; free physical = 7256 ; free virtual = 24980
---------------------------------------------------------------------------------
---------------------------------------------------------------------------------
Start Loading Part and Timing Information
---------------------------------------------------------------------------------
Loading part: xc7z010clg400-1
---------------------------------------------------------------------------------
Finished Loading Part and Timing Information : Time (s): cpu = 00:00:14 ; elapsed = 00:00:42 . Memory (MB): peak = 1645.148 ; gain = 444.137 ; free physical = 7257 ; free virtual = 24980
---------------------------------------------------------------------------------
---------------------------------------------------------------------------------
Start Applying 'set_property' XDC Constraints
---------------------------------------------------------------------------------
---------------------------------------------------------------------------------
Finished applying 'set_property' XDC Constraints : Time (s): cpu = 00:00:14 ; elapsed = 00:00:42 . Memory (MB): peak = 1645.148 ; gain = 444.137 ; free physical = 7265 ; free virtual = 24988
---------------------------------------------------------------------------------
INFO: [Synth 8-5546] ROM "dbnc" won't be mapped to RAM because it is too sparse
---------------------------------------------------------------------------------
Finished RTL Optimization Phase 2 : Time (s): cpu = 00:00:14 ; elapsed = 00:00:42 . Memory (MB): peak = 1645.148 ; gain = 444.137 ; free physical = 7258 ; free virtual = 24981
---------------------------------------------------------------------------------

Report RTL Partitions: 
+-+--------------+------------+----------+
| |RTL Partition |Replication |Instances |
+-+--------------+------------+----------+
+-+--------------+------------+----------+
---------------------------------------------------------------------------------
Start RTL Component Statistics 
---------------------------------------------------------------------------------
Detailed RTL Component Info : 
+---Registers : 
	                2 Bit    Registers := 1     
	                1 Bit    Registers := 2     
+---Muxes : 
	   2 Input      1 Bit        Muxes := 1     
---------------------------------------------------------------------------------
Finished RTL Component Statistics 
---------------------------------------------------------------------------------
---------------------------------------------------------------------------------
Start RTL Hierarchical Component Statistics 
---------------------------------------------------------------------------------
Hierarchical RTL Component report 
Module debounce 
Detailed RTL Component Info : 
+---Registers : 
	                2 Bit    Registers := 1     
	                1 Bit    Registers := 2     
+---Muxes : 
	   2 Input      1 Bit        Muxes := 1     
---------------------------------------------------------------------------------
Finished RTL Hierarchical Component Statistics
---------------------------------------------------------------------------------
---------------------------------------------------------------------------------
Start Part Resource Summary
---------------------------------------------------------------------------------
Part Resources:
DSPs: 80 (col length:40)
BRAMs: 120 (col length: RAMB18 40 RAMB36 20)
---------------------------------------------------------------------------------
Finished Part Resource Summary
---------------------------------------------------------------------------------
---------------------------------------------------------------------------------
Start Cross Boundary and Area Optimization
---------------------------------------------------------------------------------
Warning: Parallel synthesis criteria is not met 
INFO: [Synth 8-5546] ROM "U0/dbnc" won't be mapped to RAM because it is too sparse
---------------------------------------------------------------------------------
Finished Cross Boundary and Area Optimization : Time (s): cpu = 00:00:14 ; elapsed = 00:00:42 . Memory (MB): peak = 1645.148 ; gain = 444.137 ; free physical = 7275 ; free virtual = 24999
---------------------------------------------------------------------------------

Report RTL Partitions: 
+-+--------------+------------+----------+
| |RTL Partition |Replication |Instances |
+-+--------------+------------+----------+
+-+--------------+------------+----------+
---------------------------------------------------------------------------------
Start Applying XDC Timing Constraints
---------------------------------------------------------------------------------
---------------------------------------------------------------------------------
Finished Applying XDC Timing Constraints : Time (s): cpu = 00:00:22 ; elapsed = 00:00:55 . Memory (MB): peak = 1645.148 ; gain = 444.137 ; free physical = 6546 ; free virtual = 24269
---------------------------------------------------------------------------------
---------------------------------------------------------------------------------
Start Timing Optimization
---------------------------------------------------------------------------------
---------------------------------------------------------------------------------
Finished Timing Optimization : Time (s): cpu = 00:00:22 ; elapsed = 00:00:55 . Memory (MB): peak = 1645.148 ; gain = 444.137 ; free physical = 6545 ; free virtual = 24268
---------------------------------------------------------------------------------

Report RTL Partitions: 
+-+--------------+------------+----------+
| |RTL Partition |Replication |Instances |
+-+--------------+------------+----------+
+-+--------------+------------+----------+
---------------------------------------------------------------------------------
Start Technology Mapping
---------------------------------------------------------------------------------
---------------------------------------------------------------------------------
Finished Technology Mapping : Time (s): cpu = 00:00:22 ; elapsed = 00:00:55 . Memory (MB): peak = 1645.148 ; gain = 444.137 ; free physical = 6539 ; free virtual = 24262
---------------------------------------------------------------------------------

Report RTL Partitions: 
+-+--------------+------------+----------+
| |RTL Partition |Replication |Instances |
+-+--------------+------------+----------+
+-+--------------+------------+----------+
---------------------------------------------------------------------------------
Start IO Insertion
---------------------------------------------------------------------------------
---------------------------------------------------------------------------------
Start Flattening Before IO Insertion
---------------------------------------------------------------------------------
---------------------------------------------------------------------------------
Finished Flattening Before IO Insertion
---------------------------------------------------------------------------------
---------------------------------------------------------------------------------
Start Final Netlist Cleanup
---------------------------------------------------------------------------------
---------------------------------------------------------------------------------
Finished Final Netlist Cleanup
---------------------------------------------------------------------------------
---------------------------------------------------------------------------------
Finished IO Insertion : Time (s): cpu = 00:00:23 ; elapsed = 00:00:56 . Memory (MB): peak = 1645.148 ; gain = 444.137 ; free physical = 6492 ; free virtual = 24215
---------------------------------------------------------------------------------

Report Check Netlist: 
+------+------------------+-------+---------+-------+------------------+
|      |Item              |Errors |Warnings |Status |Description       |
+------+------------------+-------+---------+-------+------------------+
|1     |multi_driven_nets |      0|        0|Passed |Multi driven nets |
+------+------------------+-------+---------+-------+------------------+
---------------------------------------------------------------------------------
Start Renaming Generated Instances
---------------------------------------------------------------------------------
---------------------------------------------------------------------------------
Finished Renaming Generated Instances : Time (s): cpu = 00:00:23 ; elapsed = 00:00:56 . Memory (MB): peak = 1645.148 ; gain = 444.137 ; free physical = 6491 ; free virtual = 24215
---------------------------------------------------------------------------------

Report RTL Partitions: 
+-+--------------+------------+----------+
| |RTL Partition |Replication |Instances |
+-+--------------+------------+----------+
+-+--------------+------------+----------+
---------------------------------------------------------------------------------
Start Rebuilding User Hierarchy
---------------------------------------------------------------------------------
---------------------------------------------------------------------------------
Finished Rebuilding User Hierarchy : Time (s): cpu = 00:00:23 ; elapsed = 00:00:56 . Memory (MB): peak = 1645.148 ; gain = 444.137 ; free physical = 6490 ; free virtual = 24214
---------------------------------------------------------------------------------
---------------------------------------------------------------------------------
Start Renaming Generated Ports
---------------------------------------------------------------------------------
---------------------------------------------------------------------------------
Finished Renaming Generated Ports : Time (s): cpu = 00:00:23 ; elapsed = 00:00:56 . Memory (MB): peak = 1645.148 ; gain = 444.137 ; free physical = 6490 ; free virtual = 24213
---------------------------------------------------------------------------------
---------------------------------------------------------------------------------
Start Handling Custom Attributes
---------------------------------------------------------------------------------
---------------------------------------------------------------------------------
Finished Handling Custom Attributes : Time (s): cpu = 00:00:23 ; elapsed = 00:00:56 . Memory (MB): peak = 1645.148 ; gain = 444.137 ; free physical = 6490 ; free virtual = 24213
---------------------------------------------------------------------------------
---------------------------------------------------------------------------------
Start Renaming Generated Nets
---------------------------------------------------------------------------------
---------------------------------------------------------------------------------
Finished Renaming Generated Nets : Time (s): cpu = 00:00:23 ; elapsed = 00:00:56 . Memory (MB): peak = 1645.148 ; gain = 444.137 ; free physical = 6489 ; free virtual = 24213
---------------------------------------------------------------------------------
---------------------------------------------------------------------------------
Start Writing Synthesis Report
---------------------------------------------------------------------------------

Report BlackBoxes: 
+-+--------------+----------+
| |BlackBox name |Instances |
+-+--------------+----------+
+-+--------------+----------+

Report Cell Usage: 
+------+-------+------+
|      |Cell   |Count |
+------+-------+------+
|1     |CARRY4 |     6|
|2     |LUT1   |     2|
|3     |LUT5   |     1|
|4     |LUT6   |     4|
|5     |FDRE   |    26|
+------+-------+------+

Report Instance Areas: 
+------+---------+---------+------+
|      |Instance |Module   |Cells |
+------+---------+---------+------+
|1     |top      |         |    39|
|2     |  U0     |debounce |    39|
+------+---------+---------+------+
---------------------------------------------------------------------------------
Finished Writing Synthesis Report : Time (s): cpu = 00:00:23 ; elapsed = 00:00:56 . Memory (MB): peak = 1645.148 ; gain = 444.137 ; free physical = 6488 ; free virtual = 24212
---------------------------------------------------------------------------------
Synthesis finished with 0 errors, 0 critical warnings and 0 warnings.
Synthesis Optimization Runtime : Time (s): cpu = 00:00:14 ; elapsed = 00:00:22 . Memory (MB): peak = 1645.148 ; gain = 132.516 ; free physical = 6509 ; free virtual = 24233
Synthesis Optimization Complete : Time (s): cpu = 00:00:23 ; elapsed = 00:00:56 . Memory (MB): peak = 1645.148 ; gain = 444.137 ; free physical = 6509 ; free virtual = 24232
INFO: [Project 1-571] Translating synthesized netlist
INFO: [Netlist 29-17] Analyzing 6 Unisim elements for replacement
INFO: [Netlist 29-28] Unisim Transformation completed in 0 CPU seconds
INFO: [Project 1-570] Preparing netlist for logic optimization
INFO: [Opt 31-138] Pushed 0 inverter(s) to 0 load pin(s).
INFO: [Project 1-111] Unisim Transformation Summary:
No Unisim elements were transformed.

INFO: [Common 17-83] Releasing license: Synthesis
18 Infos, 1 Warnings, 0 Critical Warnings and 0 Errors encountered.
synth_design completed successfully
synth_design: Time (s): cpu = 00:00:25 ; elapsed = 00:00:57 . Memory (MB): peak = 1645.148 ; gain = 456.699 ; free physical = 6493 ; free virtual = 24218
WARNING: [Constraints 18-5210] No constraint will be written out.
INFO: [Common 17-1381] The checkpoint '/home/user/Lab-5/Lab-5.runs/lab_5_top_debounce_0_0_synth_1/lab_5_top_debounce_0_0.dcp' has been generated.
WARNING: [Constraints 18-5210] No constraint will be written out.
INFO: [Common 17-1381] The checkpoint '/home/user/Lab-5/Lab-5.runs/lab_5_top_debounce_0_0_synth_1/lab_5_top_debounce_0_0.dcp' has been generated.
INFO: [runtcl-4] Executing : report_utilization -file lab_5_top_debounce_0_0_utilization_synth.rpt -pb lab_5_top_debounce_0_0_utilization_synth.pb
report_utilization: Time (s): cpu = 00:00:00.09 ; elapsed = 00:00:00.11 . Memory (MB): peak = 1645.148 ; gain = 0.000 ; free physical = 6585 ; free virtual = 24313
INFO: [Common 17-206] Exiting Vivado at Thu Apr 25 21:39:54 2019...
