
*** Running vivado
    with args -log lab_5_top_my_alu_0_0.vds -m64 -product Vivado -mode batch -messageDb vivado.pb -notrace -source lab_5_top_my_alu_0_0.tcl


****** Vivado v2018.2 (64-bit)
  **** SW Build 2258646 on Thu Jun 14 20:02:38 MDT 2018
  **** IP Build 2256618 on Thu Jun 14 22:10:49 MDT 2018
    ** Copyright 1986-2018 Xilinx, Inc. All Rights Reserved.

source lab_5_top_my_alu_0_0.tcl -notrace
Command: synth_design -top lab_5_top_my_alu_0_0 -part xc7z010clg400-1 -mode out_of_context
Starting synth_design
Attempting to get a license for feature 'Synthesis' and/or device 'xc7z010'
INFO: [Common 17-349] Got license for feature 'Synthesis' and/or device 'xc7z010'
INFO: Launching helper process for spawning children vivado processes
INFO: Helper process launched with PID 12766 
---------------------------------------------------------------------------------
Starting RTL Elaboration : Time (s): cpu = 00:00:02 ; elapsed = 00:00:04 . Memory (MB): peak = 1288.902 ; gain = 87.891 ; free physical = 8590 ; free virtual = 26289
---------------------------------------------------------------------------------
INFO: [Synth 8-638] synthesizing module 'lab_5_top_my_alu_0_0' [/home/user/Lab-5/Lab-5.srcs/sources_1/bd/lab_5_top/ip/lab_5_top_my_alu_0_0/synth/lab_5_top_my_alu_0_0.vhd:67]
INFO: [Synth 8-3491] module 'my_alu' declared at '/home/user/Lab-5/Lab-5.srcs/sources_1/new/my_alu.vhd:15' bound to instance 'U0' of component 'my_alu' [/home/user/Lab-5/Lab-5.srcs/sources_1/bd/lab_5_top/ip/lab_5_top_my_alu_0_0/synth/lab_5_top_my_alu_0_0.vhd:93]
INFO: [Synth 8-638] synthesizing module 'my_alu' [/home/user/Lab-5/Lab-5.srcs/sources_1/new/my_alu.vhd:24]
INFO: [Synth 8-226] default block is never used [/home/user/Lab-5/Lab-5.srcs/sources_1/new/my_alu.vhd:31]
INFO: [Synth 8-256] done synthesizing module 'my_alu' (1#1) [/home/user/Lab-5/Lab-5.srcs/sources_1/new/my_alu.vhd:24]
INFO: [Synth 8-256] done synthesizing module 'lab_5_top_my_alu_0_0' (2#1) [/home/user/Lab-5/Lab-5.srcs/sources_1/bd/lab_5_top/ip/lab_5_top_my_alu_0_0/synth/lab_5_top_my_alu_0_0.vhd:67]
---------------------------------------------------------------------------------
Finished RTL Elaboration : Time (s): cpu = 00:00:03 ; elapsed = 00:00:05 . Memory (MB): peak = 1333.527 ; gain = 132.516 ; free physical = 8547 ; free virtual = 26246
---------------------------------------------------------------------------------

Report Check Netlist: 
+------+------------------+-------+---------+-------+------------------+
|      |Item              |Errors |Warnings |Status |Description       |
+------+------------------+-------+---------+-------+------------------+
|1     |multi_driven_nets |      0|        0|Passed |Multi driven nets |
+------+------------------+-------+---------+-------+------------------+
---------------------------------------------------------------------------------
Start Handling Custom Attributes
---------------------------------------------------------------------------------
---------------------------------------------------------------------------------
Finished Handling Custom Attributes : Time (s): cpu = 00:00:03 ; elapsed = 00:00:05 . Memory (MB): peak = 1333.527 ; gain = 132.516 ; free physical = 8546 ; free virtual = 26245
---------------------------------------------------------------------------------
---------------------------------------------------------------------------------
Finished RTL Optimization Phase 1 : Time (s): cpu = 00:00:03 ; elapsed = 00:00:05 . Memory (MB): peak = 1333.527 ; gain = 132.516 ; free physical = 8546 ; free virtual = 26245
---------------------------------------------------------------------------------
INFO: [Device 21-403] Loading part xc7z010clg400-1
INFO: [Project 1-570] Preparing netlist for logic optimization

Processing XDC Constraints
Initializing timing engine
Completed Processing XDC Constraints

INFO: [Project 1-111] Unisim Transformation Summary:
No Unisim elements were transformed.

WARNING: [Constraints 18-5210] No constraint will be written out.
Constraint Validation Runtime : Time (s): cpu = 00:00:00.06 ; elapsed = 00:00:00.15 . Memory (MB): peak = 1646.164 ; gain = 1.000 ; free physical = 7169 ; free virtual = 24883
---------------------------------------------------------------------------------
Finished Constraint Validation : Time (s): cpu = 00:00:14 ; elapsed = 00:00:42 . Memory (MB): peak = 1646.164 ; gain = 445.152 ; free physical = 7298 ; free virtual = 25021
---------------------------------------------------------------------------------
---------------------------------------------------------------------------------
Start Loading Part and Timing Information
---------------------------------------------------------------------------------
Loading part: xc7z010clg400-1
---------------------------------------------------------------------------------
Finished Loading Part and Timing Information : Time (s): cpu = 00:00:14 ; elapsed = 00:00:42 . Memory (MB): peak = 1646.164 ; gain = 445.152 ; free physical = 7298 ; free virtual = 25021
---------------------------------------------------------------------------------
---------------------------------------------------------------------------------
Start Applying 'set_property' XDC Constraints
---------------------------------------------------------------------------------
---------------------------------------------------------------------------------
Finished applying 'set_property' XDC Constraints : Time (s): cpu = 00:00:14 ; elapsed = 00:00:42 . Memory (MB): peak = 1646.164 ; gain = 445.152 ; free physical = 7297 ; free virtual = 25021
---------------------------------------------------------------------------------
INFO: [Synth 8-5818] HDL ADVISOR - The operator resource <adder> is shared. To prevent sharing consider applying a KEEP on the output of the operator [/home/user/Lab-5/Lab-5.srcs/sources_1/new/my_alu.vhd:31]
---------------------------------------------------------------------------------
Finished RTL Optimization Phase 2 : Time (s): cpu = 00:00:14 ; elapsed = 00:00:42 . Memory (MB): peak = 1646.164 ; gain = 445.152 ; free physical = 7278 ; free virtual = 25001
---------------------------------------------------------------------------------

Report RTL Partitions: 
+-+--------------+------------+----------+
| |RTL Partition |Replication |Instances |
+-+--------------+------------+----------+
+-+--------------+------------+----------+
---------------------------------------------------------------------------------
Start RTL Component Statistics 
---------------------------------------------------------------------------------
Detailed RTL Component Info : 
+---Adders : 
	   3 Input     16 Bit       Adders := 1     
+---XORs : 
	   2 Input     16 Bit         XORs := 1     
+---Registers : 
	               16 Bit    Registers := 1     
+---Muxes : 
	  16 Input     17 Bit        Muxes := 1     
	   2 Input     16 Bit        Muxes := 1     
	  16 Input     16 Bit        Muxes := 4     
---------------------------------------------------------------------------------
Finished RTL Component Statistics 
---------------------------------------------------------------------------------
---------------------------------------------------------------------------------
Start RTL Hierarchical Component Statistics 
---------------------------------------------------------------------------------
Hierarchical RTL Component report 
Module my_alu 
Detailed RTL Component Info : 
+---Adders : 
	   3 Input     16 Bit       Adders := 1     
+---XORs : 
	   2 Input     16 Bit         XORs := 1     
+---Registers : 
	               16 Bit    Registers := 1     
+---Muxes : 
	  16 Input     17 Bit        Muxes := 1     
	   2 Input     16 Bit        Muxes := 1     
	  16 Input     16 Bit        Muxes := 4     
---------------------------------------------------------------------------------
Finished RTL Hierarchical Component Statistics
---------------------------------------------------------------------------------
---------------------------------------------------------------------------------
Start Part Resource Summary
---------------------------------------------------------------------------------
Part Resources:
DSPs: 80 (col length:40)
BRAMs: 120 (col length: RAMB18 40 RAMB36 20)
---------------------------------------------------------------------------------
Finished Part Resource Summary
---------------------------------------------------------------------------------
---------------------------------------------------------------------------------
Start Cross Boundary and Area Optimization
---------------------------------------------------------------------------------
Warning: Parallel synthesis criteria is not met 
INFO: [Synth 8-5544] ROM "U0/" won't be mapped to Block RAM because address size (4) smaller than threshold (5)
---------------------------------------------------------------------------------
Finished Cross Boundary and Area Optimization : Time (s): cpu = 00:00:15 ; elapsed = 00:00:43 . Memory (MB): peak = 1646.164 ; gain = 445.152 ; free physical = 7196 ; free virtual = 24920
---------------------------------------------------------------------------------

Report RTL Partitions: 
+-+--------------+------------+----------+
| |RTL Partition |Replication |Instances |
+-+--------------+------------+----------+
+-+--------------+------------+----------+
---------------------------------------------------------------------------------
Start Applying XDC Timing Constraints
---------------------------------------------------------------------------------
---------------------------------------------------------------------------------
Finished Applying XDC Timing Constraints : Time (s): cpu = 00:00:23 ; elapsed = 00:00:56 . Memory (MB): peak = 1646.164 ; gain = 445.152 ; free physical = 6548 ; free virtual = 24271
---------------------------------------------------------------------------------
---------------------------------------------------------------------------------
Start Timing Optimization
---------------------------------------------------------------------------------
---------------------------------------------------------------------------------
Finished Timing Optimization : Time (s): cpu = 00:00:23 ; elapsed = 00:00:56 . Memory (MB): peak = 1646.164 ; gain = 445.152 ; free physical = 6543 ; free virtual = 24266
---------------------------------------------------------------------------------

Report RTL Partitions: 
+-+--------------+------------+----------+
| |RTL Partition |Replication |Instances |
+-+--------------+------------+----------+
+-+--------------+------------+----------+
---------------------------------------------------------------------------------
Start Technology Mapping
---------------------------------------------------------------------------------
---------------------------------------------------------------------------------
Finished Technology Mapping : Time (s): cpu = 00:00:23 ; elapsed = 00:00:56 . Memory (MB): peak = 1646.164 ; gain = 445.152 ; free physical = 6524 ; free virtual = 24248
---------------------------------------------------------------------------------

Report RTL Partitions: 
+-+--------------+------------+----------+
| |RTL Partition |Replication |Instances |
+-+--------------+------------+----------+
+-+--------------+------------+----------+
---------------------------------------------------------------------------------
Start IO Insertion
---------------------------------------------------------------------------------
---------------------------------------------------------------------------------
Start Flattening Before IO Insertion
---------------------------------------------------------------------------------
---------------------------------------------------------------------------------
Finished Flattening Before IO Insertion
---------------------------------------------------------------------------------
---------------------------------------------------------------------------------
Start Final Netlist Cleanup
---------------------------------------------------------------------------------
---------------------------------------------------------------------------------
Finished Final Netlist Cleanup
---------------------------------------------------------------------------------
---------------------------------------------------------------------------------
Finished IO Insertion : Time (s): cpu = 00:00:24 ; elapsed = 00:00:57 . Memory (MB): peak = 1646.164 ; gain = 445.152 ; free physical = 6470 ; free virtual = 24194
---------------------------------------------------------------------------------

Report Check Netlist: 
+------+------------------+-------+---------+-------+------------------+
|      |Item              |Errors |Warnings |Status |Description       |
+------+------------------+-------+---------+-------+------------------+
|1     |multi_driven_nets |      0|        0|Passed |Multi driven nets |
+------+------------------+-------+---------+-------+------------------+
---------------------------------------------------------------------------------
Start Renaming Generated Instances
---------------------------------------------------------------------------------
---------------------------------------------------------------------------------
Finished Renaming Generated Instances : Time (s): cpu = 00:00:24 ; elapsed = 00:00:57 . Memory (MB): peak = 1646.164 ; gain = 445.152 ; free physical = 6469 ; free virtual = 24193
---------------------------------------------------------------------------------

Report RTL Partitions: 
+-+--------------+------------+----------+
| |RTL Partition |Replication |Instances |
+-+--------------+------------+----------+
+-+--------------+------------+----------+
---------------------------------------------------------------------------------
Start Rebuilding User Hierarchy
---------------------------------------------------------------------------------
---------------------------------------------------------------------------------
Finished Rebuilding User Hierarchy : Time (s): cpu = 00:00:24 ; elapsed = 00:00:57 . Memory (MB): peak = 1646.164 ; gain = 445.152 ; free physical = 6466 ; free virtual = 24190
---------------------------------------------------------------------------------
---------------------------------------------------------------------------------
Start Renaming Generated Ports
---------------------------------------------------------------------------------
---------------------------------------------------------------------------------
Finished Renaming Generated Ports : Time (s): cpu = 00:00:24 ; elapsed = 00:00:57 . Memory (MB): peak = 1646.164 ; gain = 445.152 ; free physical = 6465 ; free virtual = 24189
---------------------------------------------------------------------------------
---------------------------------------------------------------------------------
Start Handling Custom Attributes
---------------------------------------------------------------------------------
---------------------------------------------------------------------------------
Finished Handling Custom Attributes : Time (s): cpu = 00:00:24 ; elapsed = 00:00:57 . Memory (MB): peak = 1646.164 ; gain = 445.152 ; free physical = 6463 ; free virtual = 24187
---------------------------------------------------------------------------------
---------------------------------------------------------------------------------
Start Renaming Generated Nets
---------------------------------------------------------------------------------
---------------------------------------------------------------------------------
Finished Renaming Generated Nets : Time (s): cpu = 00:00:24 ; elapsed = 00:00:57 . Memory (MB): peak = 1646.164 ; gain = 445.152 ; free physical = 6462 ; free virtual = 24186
---------------------------------------------------------------------------------
---------------------------------------------------------------------------------
Start Writing Synthesis Report
---------------------------------------------------------------------------------

Report BlackBoxes: 
+-+--------------+----------+
| |BlackBox name |Instances |
+-+--------------+----------+
+-+--------------+----------+

Report Cell Usage: 
+------+-------+------+
|      |Cell   |Count |
+------+-------+------+
|1     |CARRY4 |    14|
|2     |LUT2   |     1|
|3     |LUT4   |    66|
|4     |LUT5   |    33|
|5     |LUT6   |    67|
|6     |MUXF7  |     2|
|7     |FDRE   |    16|
+------+-------+------+

Report Instance Areas: 
+------+---------+-------+------+
|      |Instance |Module |Cells |
+------+---------+-------+------+
|1     |top      |       |   199|
|2     |  U0     |my_alu |   199|
+------+---------+-------+------+
---------------------------------------------------------------------------------
Finished Writing Synthesis Report : Time (s): cpu = 00:00:24 ; elapsed = 00:00:57 . Memory (MB): peak = 1646.164 ; gain = 445.152 ; free physical = 6463 ; free virtual = 24187
---------------------------------------------------------------------------------
Synthesis finished with 0 errors, 0 critical warnings and 0 warnings.
Synthesis Optimization Runtime : Time (s): cpu = 00:00:15 ; elapsed = 00:00:23 . Memory (MB): peak = 1646.164 ; gain = 132.516 ; free physical = 6554 ; free virtual = 24279
Synthesis Optimization Complete : Time (s): cpu = 00:00:24 ; elapsed = 00:00:57 . Memory (MB): peak = 1646.164 ; gain = 445.152 ; free physical = 6570 ; free virtual = 24295
INFO: [Project 1-571] Translating synthesized netlist
INFO: [Netlist 29-17] Analyzing 16 Unisim elements for replacement
INFO: [Netlist 29-28] Unisim Transformation completed in 0 CPU seconds
INFO: [Project 1-570] Preparing netlist for logic optimization
INFO: [Opt 31-138] Pushed 0 inverter(s) to 0 load pin(s).
INFO: [Project 1-111] Unisim Transformation Summary:
No Unisim elements were transformed.

INFO: [Common 17-83] Releasing license: Synthesis
19 Infos, 1 Warnings, 0 Critical Warnings and 0 Errors encountered.
synth_design completed successfully
synth_design: Time (s): cpu = 00:00:26 ; elapsed = 00:00:59 . Memory (MB): peak = 1646.164 ; gain = 457.715 ; free physical = 8376 ; free virtual = 26104
WARNING: [Constraints 18-5210] No constraint will be written out.
INFO: [Common 17-1381] The checkpoint '/home/user/Lab-5/Lab-5.runs/lab_5_top_my_alu_0_0_synth_1/lab_5_top_my_alu_0_0.dcp' has been generated.
WARNING: [Constraints 18-5210] No constraint will be written out.
INFO: [Common 17-1381] The checkpoint '/home/user/Lab-5/Lab-5.runs/lab_5_top_my_alu_0_0_synth_1/lab_5_top_my_alu_0_0.dcp' has been generated.
INFO: [runtcl-4] Executing : report_utilization -file lab_5_top_my_alu_0_0_utilization_synth.rpt -pb lab_5_top_my_alu_0_0_utilization_synth.pb
report_utilization: Time (s): cpu = 00:00:00.09 ; elapsed = 00:00:00.28 . Memory (MB): peak = 1646.164 ; gain = 0.000 ; free physical = 9197 ; free virtual = 26926
INFO: [Common 17-206] Exiting Vivado at Thu Apr 25 21:39:56 2019...
